<?xml version="1.0" encoding="UTF-8"?>
<!-- Generated by org.testng.reporters.JUnitXMLReporter -->
<testsuite hostname="Jacobs-MacBook-Pro.local" ignored="0" name="All Tests" tests="5" failures="5" timestamp="20 Aug 2018 01:58:00 GMT" time="0.083" errors="0">
  <testcase name="verifyValidLogin" time="0.06" classname="com.revature.pom.Driver2">
    <failure type="java.lang.IllegalStateException" message="The driver executable does not exist: /Users/jacobgolding/Desktop/revature/project/project_2/cybernate/BackEnd/project2BackEnd/src/test/resources/chromedriver.exe">
      <![CDATA[java.lang.IllegalStateException: The driver executable does not exist: /Users/jacobgolding/Desktop/revature/project/project_2/cybernate/BackEnd/project2BackEnd/src/test/resources/chromedriver.exe
at com.google.common.base.Preconditions.checkState(Preconditions.java:534)
at org.openqa.selenium.remote.service.DriverService.checkExecutable(DriverService.java:136)
at org.openqa.selenium.remote.service.DriverService.findExecutable(DriverService.java:131)
at org.openqa.selenium.chrome.ChromeDriverService.access$000(ChromeDriverService.java:32)
at org.openqa.selenium.chrome.ChromeDriverService$Builder.findDefaultExecutable(ChromeDriverService.java:137)
at org.openqa.selenium.remote.service.DriverService$Builder.build(DriverService.java:329)
at org.openqa.selenium.chrome.ChromeDriverService.createDefaultService(ChromeDriverService.java:88)
at org.openqa.selenium.chrome.ChromeDriver.<init>(ChromeDriver.java:124)
at com.revature.pom.Driver2.launchApplication(Driver2.java:19)
at com.revature.pom.Driver2.verifyValidLogin(Driver2.java:35)
at com.revature.cukes.TestCommander.runTestSuite(TestCommander.java:22)
at com.revature.cukes.TestCommander.main(TestCommander.java:11)
... Removed 22 stack frames]]>
    </failure>
  </testcase> <!-- verifyValidLogin -->
  <testcase name="verifyBatchesPage" time="0.003" classname="com.revature.pom.Driver2">
    <failure type="java.lang.NullPointerException">
      <![CDATA[java.lang.NullPointerException
at com.google.common.base.Preconditions.checkNotNull(Preconditions.java:787)
at org.openqa.selenium.interactions.Actions.<init>(Actions.java:68)
at com.revature.pom.Driver2.verifyBatchesPage(Driver2.java:43)
at com.revature.cukes.TestCommander.runTestSuite(TestCommander.java:22)
at com.revature.cukes.TestCommander.main(TestCommander.java:11)
... Removed 22 stack frames]]>
    </failure>
  </testcase> <!-- verifyBatchesPage -->
  <testcase name="verifyLocationsPage" time="0.001" classname="com.revature.pom.Driver2">
    <failure type="java.lang.NullPointerException">
      <![CDATA[java.lang.NullPointerException
at com.google.common.base.Preconditions.checkNotNull(Preconditions.java:787)
at org.openqa.selenium.interactions.Actions.<init>(Actions.java:68)
at com.revature.pom.Driver2.verifyLocationsPage(Driver2.java:49)
at com.revature.cukes.TestCommander.runTestSuite(TestCommander.java:22)
at com.revature.cukes.TestCommander.main(TestCommander.java:11)
... Removed 22 stack frames]]>
    </failure>
  </testcase> <!-- verifyLocationsPage -->
  <testcase name="verifyCurriculaPage" time="0.0" classname="com.revature.pom.Driver2">
    <failure type="java.lang.NullPointerException">
      <![CDATA[java.lang.NullPointerException
at com.google.common.base.Preconditions.checkNotNull(Preconditions.java:787)
at org.openqa.selenium.interactions.Actions.<init>(Actions.java:68)
at com.revature.pom.Driver2.verifyCurriculaPage(Driver2.java:55)
at com.revature.cukes.TestCommander.runTestSuite(TestCommander.java:22)
at com.revature.cukes.TestCommander.main(TestCommander.java:11)
... Removed 22 stack frames]]>
    </failure>
  </testcase> <!-- verifyCurriculaPage -->
  <testcase name="logout" time="0.0" classname="com.revature.pom.Driver2">
    <failure type="java.lang.NullPointerException">
      <![CDATA[java.lang.NullPointerException
at com.google.common.base.Preconditions.checkNotNull(Preconditions.java:787)
at org.openqa.selenium.interactions.Actions.<init>(Actions.java:68)
at com.revature.pom.Driver2.logout(Driver2.java:25)
at com.revature.cukes.TestCommander.runTestSuite(TestCommander.java:22)
at com.revature.cukes.TestCommander.main(TestCommander.java:11)
... Removed 22 stack frames]]>
    </failure>
  </testcase> <!-- logout -->
</testsuite> <!-- All Tests -->
